<?xml version="1.0" encoding="UTF-8"?>
<!-- Generated by org.testng.reporters.JUnitReportReporter -->
<testsuite hostname="DESKTOP-T1CP2B2" failures="0" tests="1" name="org.rocketfinapp.baseapk.Basetestrocketfin" time="61.712" errors="0" timestamp="2023-09-20T14:32:44 IST" skipped="0">
  <testcase classname="org.rocketfinapp.baseapk.Basetestrocketfin" name="configureappium" time="61.712"/>
</testsuite> <!-- org.rocketfinapp.baseapk.Basetestrocketfin -->
