<?xml version="1.0" encoding="UTF-8"?>
<!-- Generated by org.testng.reporters.JUnitReportReporter -->
<testsuite hostname="DESKTOP-T1CP2B2" failures="0" tests="5" name="org.rocketfinapp.baseapk.Homepage" time="19.307" errors="0" timestamp="2023-09-30T23:07:12 IST" skipped="0">
  <testcase classname="org.rocketfinapp.baseapk.Homepage" name="AllowPopupManagePhoneCalls" time="7.388"/>
  <testcase classname="org.rocketfinapp.baseapk.Homepage" name="mainpage" time="4.458"/>
  <testcase classname="org.rocketfinapp.baseapk.Homepage" name="Borrowerslide" time="2.144"/>
  <testcase classname="org.rocketfinapp.baseapk.Homepage" name="Investorslide" time="2.004"/>
  <testcase classname="org.rocketfinapp.baseapk.Homepage" name="Chooseyourpath_slide" time="3.313"/>
</testsuite> <!-- org.rocketfinapp.baseapk.Homepage -->
