<?xml version="1.0" encoding="UTF-8"?>
<!-- Generated by org.testng.reporters.JUnitReportReporter -->
<testsuite hostname="DESKTOP-T1CP2B2" failures="0" tests="10" name="org.rocketfinapp.baseapk.Mobilenumberpage" time="61.875" errors="0" timestamp="2023-09-28T19:13:32 IST" skipped="0">
  <testcase classname="org.rocketfinapp.baseapk.Mobilenumberpage" name="MobilenumberpageTitle" time="5.076"/>
  <testcase classname="org.rocketfinapp.baseapk.Mobilenumberpage" name="Placeholder" time="2.122"/>
  <testcase classname="org.rocketfinapp.baseapk.Mobilenumberpage" name="Alertwithoutinput" time="6.984"/>
  <testcase classname="org.rocketfinapp.baseapk.Mobilenumberpage" name="AlertForinvalidmobilenumber" time="7.831"/>
  <testcase classname="org.rocketfinapp.baseapk.Mobilenumberpage" name="AlertForinvalidinputdigits" time="6.776"/>
  <testcase classname="org.rocketfinapp.baseapk.Mobilenumberpage" name="AlertForinvalidinput1stdigit" time="6.860"/>
  <testcase classname="org.rocketfinapp.baseapk.Mobilenumberpage" name="Alertforexistingmobilenumber" time="7.966"/>
  <testcase classname="org.rocketfinapp.baseapk.Mobilenumberpage" name="RequestOTPbutton_Withoutinput" time="5.540"/>
  <testcase classname="org.rocketfinapp.baseapk.Mobilenumberpage" name="RequestOTPbutton_Withinput" time="5.512"/>
  <testcase classname="org.rocketfinapp.baseapk.Mobilenumberpage" name="Validmobilenumber" time="7.208"/>
</testsuite> <!-- org.rocketfinapp.baseapk.Mobilenumberpage -->
