<?xml version="1.0" encoding="UTF-8"?>
<!-- Generated by org.testng.reporters.JUnitReportReporter -->
<testsuite hostname="DESKTOP-T1CP2B2" failures="0" tests="7" name="org.rocketfinapp.baseapk.TermsandConditionsPage" time="16.896" errors="0" timestamp="2023-09-28T19:13:32 IST" skipped="0">
  <testcase classname="org.rocketfinapp.baseapk.TermsandConditionsPage" name="TermsandConditionsPageTitle" time="3.556"/>
  <testcase classname="org.rocketfinapp.baseapk.TermsandConditionsPage" name="Checkbox1" time="2.422"/>
  <testcase classname="org.rocketfinapp.baseapk.TermsandConditionsPage" name="Nextbutton_WithoutInput" time="3.322"/>
  <testcase classname="org.rocketfinapp.baseapk.TermsandConditionsPage" name="Checkbox2" time="1.393"/>
  <testcase classname="org.rocketfinapp.baseapk.TermsandConditionsPage" name="Checkbox3" time="1.521"/>
  <testcase classname="org.rocketfinapp.baseapk.TermsandConditionsPage" name="Nextbutton_Withinput" time="3.340"/>
  <testcase classname="org.rocketfinapp.baseapk.TermsandConditionsPage" name="NextButton" time="1.342"/>
</testsuite> <!-- org.rocketfinapp.baseapk.TermsandConditionsPage -->
