<?xml version="1.0" encoding="UTF-8"?>
<!-- Generated by org.testng.reporters.JUnitReportReporter -->
<testsuite hostname="DESKTOP-T1CP2B2" failures="0" tests="5" name="org.rocketfinapp.baseapk.SetPinAndConfirmPin" time="35.416" errors="0" timestamp="2023-09-28T19:13:32 IST" skipped="0">
  <testcase classname="org.rocketfinapp.baseapk.SetPinAndConfirmPin" name="SetPinpageTitle" time="4.433"/>
  <testcase classname="org.rocketfinapp.baseapk.SetPinAndConfirmPin" name="setpinpage" time="8.781"/>
  <testcase classname="org.rocketfinapp.baseapk.SetPinAndConfirmPin" name="ConfirmPinpageTitle" time="3.577"/>
  <testcase classname="org.rocketfinapp.baseapk.SetPinAndConfirmPin" name="Validpinconfirm" time="9.638"/>
  <testcase classname="org.rocketfinapp.baseapk.SetPinAndConfirmPin" name="AlertforPinMismatch" time="8.987"/>
</testsuite> <!-- org.rocketfinapp.baseapk.SetPinAndConfirmPin -->
