<?xml version="1.0" encoding="UTF-8"?>
<!-- Generated by org.testng.reporters.JUnitReportReporter -->
<testsuite hostname="DESKTOP-T1CP2B2" failures="0" tests="10" name="org.rocketfinapp.baseapk.AadharVerificationPage" time="44.225" errors="0" timestamp="2023-09-28T19:13:32 IST" skipped="0">
  <testcase classname="org.rocketfinapp.baseapk.AadharVerificationPage" name="AadharVerificationpageTitle" time="2.157"/>
  <testcase classname="org.rocketfinapp.baseapk.AadharVerificationPage" name="Placeholder" time="2.180"/>
  <testcase classname="org.rocketfinapp.baseapk.AadharVerificationPage" name="Alertwithoutinput" time="4.183"/>
  <testcase classname="org.rocketfinapp.baseapk.AadharVerificationPage" name="AlertForinvalidnumber_startsWith0" time="4.347"/>
  <testcase classname="org.rocketfinapp.baseapk.AadharVerificationPage" name="AlertForinvalidnumber_startsWith1" time="6.034"/>
  <testcase classname="org.rocketfinapp.baseapk.AadharVerificationPage" name="AlertForinvalidinputDigits" time="5.028"/>
  <testcase classname="org.rocketfinapp.baseapk.AadharVerificationPage" name="Submitbutton_Withoutinput" time="5.409"/>
  <testcase classname="org.rocketfinapp.baseapk.AadharVerificationPage" name="Submitbutton_Withinput" time="5.806"/>
  <testcase classname="org.rocketfinapp.baseapk.AadharVerificationPage" name="Skip_linktext" time="2.201"/>
  <testcase classname="org.rocketfinapp.baseapk.AadharVerificationPage" name="ValidAadharnumber" time="6.880"/>
</testsuite> <!-- org.rocketfinapp.baseapk.AadharVerificationPage -->
