<?xml version="1.0" encoding="UTF-8"?>
<!-- Generated by org.testng.reporters.JUnitReportReporter -->
<testsuite hostname="DESKTOP-T1CP2B2" failures="0" tests="4" name="org.rocketfinapp.baseapk.EligibilityPage" time="5.015" errors="0" timestamp="2023-09-28T19:13:32 IST" skipped="0">
  <testcase classname="org.rocketfinapp.baseapk.EligibilityPage" name="EligibilityPageTitle" time="1.907"/>
  <testcase classname="org.rocketfinapp.baseapk.EligibilityPage" name="EligibilityPageContents" time="1.327"/>
  <testcase classname="org.rocketfinapp.baseapk.EligibilityPage" name="StartButton" time="1.413"/>
  <testcase classname="org.rocketfinapp.baseapk.EligibilityPage" name="StartButtonclick" time="0.368"/>
</testsuite> <!-- org.rocketfinapp.baseapk.EligibilityPage -->
