<?xml version="1.0" encoding="UTF-8"?>
<!-- Generated by org.testng.reporters.JUnitReportReporter -->
<testsuite hostname="DESKTOP-T1CP2B2" failures="0" tests="6" name="org.rocketfinapp.baseapk.ChooseEmailPage" time="21.424" errors="0" timestamp="2023-09-28T19:13:32 IST" skipped="0">
  <testcase classname="org.rocketfinapp.baseapk.ChooseEmailPage" name="ChooseEmailPage_Title" time="3.476"/>
  <testcase classname="org.rocketfinapp.baseapk.ChooseEmailPage" name="VerifyEmailCheckbox_isselected" time="4.922"/>
  <testcase classname="org.rocketfinapp.baseapk.ChooseEmailPage" name="Addbutton_WithoutinputOTP" time="2.343"/>
  <testcase classname="org.rocketfinapp.baseapk.ChooseEmailPage" name="Addbutton_WithinputOTP" time="3.477"/>
  <testcase classname="org.rocketfinapp.baseapk.ChooseEmailPage" name="MyEmailIsNotListed_Linktext" time="2.743"/>
  <testcase classname="org.rocketfinapp.baseapk.ChooseEmailPage" name="AddEmailpage" time="4.463"/>
</testsuite> <!-- org.rocketfinapp.baseapk.ChooseEmailPage -->
